[0.013s] Invoking command in '/home/anurag-iyer16/ros2_ws/build/ros2_fundamentals_examples': CMAKE_PREFIX_PATH=${CMAKE_PREFIX_PATH}:/home/anurag-iyer16/ros2_ws/install/my_robot_controller:/opt/ros/jazzy DEBUGINFOD_URLS=https://debuginfod.ubuntu.com /usr/bin/cmake --build /home/anurag-iyer16/ros2_ws/build/ros2_fundamentals_examples -- -j12 -l12
[0.051s] -- Found ament_cmake: 2.5.4 (/opt/ros/jazzy/share/ament_cmake/cmake)
[0.372s] -- Found rclcpp: 28.1.13 (/opt/ros/jazzy/share/rclcpp/cmake)
[0.443s] -- Found rosidl_generator_c: 4.6.6 (/opt/ros/jazzy/share/rosidl_generator_c/cmake)
[0.467s] -- Found rosidl_generator_cpp: 4.6.6 (/opt/ros/jazzy/share/rosidl_generator_cpp/cmake)
[0.496s] -- Using all available rosidl_typesupport_c: rosidl_typesupport_fastrtps_c;rosidl_typesupport_introspection_c
[0.524s] -- Using all available rosidl_typesupport_cpp: rosidl_typesupport_fastrtps_cpp;rosidl_typesupport_introspection_cpp
[0.632s] -- Found rmw_implementation_cmake: 7.3.2 (/opt/ros/jazzy/share/rmw_implementation_cmake/cmake)
[0.636s] -- Found rmw_fastrtps_cpp: 8.4.3 (/opt/ros/jazzy/share/rmw_fastrtps_cpp/cmake)
[0.760s] -- Found OpenSSL: /usr/lib/x86_64-linux-gnu/libcrypto.so (found version "3.0.13")  
[0.794s] -- Found FastRTPS: /opt/ros/jazzy/include (Required is at least version "2.13") 
[0.832s] -- Using RMW implementation 'rmw_fastrtps_cpp' as default
[0.943s] -- Found rclpy: 7.1.6 (/opt/ros/jazzy/share/rclpy/cmake)
[0.945s] -- Found std_msgs: 5.3.6 (/opt/ros/jazzy/share/std_msgs/cmake)
[0.964s] [31mCMake Error at CMakeLists.txt:54 (ament_puthon_install_package):
[0.964s]   Unknown CMake command "ament_puthon_install_package".
[0.964s] 
[0.964s] [0m
[0.965s] -- Configuring incomplete, errors occurred!
[0.973s] gmake: *** [Makefile:226: cmake_check_build_system] Error 1
[0.976s] Invoked command in '/home/anurag-iyer16/ros2_ws/build/ros2_fundamentals_examples' returned '2': CMAKE_PREFIX_PATH=${CMAKE_PREFIX_PATH}:/home/anurag-iyer16/ros2_ws/install/my_robot_controller:/opt/ros/jazzy DEBUGINFOD_URLS=https://debuginfod.ubuntu.com /usr/bin/cmake --build /home/anurag-iyer16/ros2_ws/build/ros2_fundamentals_examples -- -j12 -l12
