[0.008s] Invoking command in '/home/anurag-iyer16/ros2_ws/build/ros2_fundamentals_examples': CMAKE_PREFIX_PATH=${CMAKE_PREFIX_PATH}:/home/anurag-iyer16/ros2_ws/install/my_robot_controller:/opt/ros/jazzy DEBUGINFOD_URLS=https://debuginfod.ubuntu.com /usr/bin/cmake --build /home/anurag-iyer16/ros2_ws/build/ros2_fundamentals_examples -- -j12 -l12
[0.070s] [ 50%] [32mBuilding CXX object CMakeFiles/minimal_cpp_publisher.dir/src/cpp_minimal_publisher.cpp.o[0m
[0.071s] [ 50%] Built target ament_cmake_python_copy_ros2_fundamentals_examples
[0.232s] running egg_info
[0.245s] writing ros2_fundamentals_examples.egg-info/PKG-INFO
[0.245s] writing dependency_links to ros2_fundamentals_examples.egg-info/dependency_links.txt
[0.246s] writing top-level names to ros2_fundamentals_examples.egg-info/top_level.txt
[0.283s] reading manifest file 'ros2_fundamentals_examples.egg-info/SOURCES.txt'
[0.284s] writing manifest file 'ros2_fundamentals_examples.egg-info/SOURCES.txt'
[0.308s] [ 50%] Built target ament_cmake_python_build_ros2_fundamentals_examples_egg
[1.422s] [01m[K/home/anurag-iyer16/ros2_ws/src/ros2_fundamentals_examples/src/cpp_minimal_publisher.cpp:8:28:[m[K [01;31m[Kerror: [m[Kno matching function for call to ‘[01m[Krclcpp::Node::Node()[m[K’
[1.422s]     8 |     Minimal_publisher:Node([01;31m[K)[m[K,count_(0){
[1.422s]       |                            [01;31m[K^[m[K
[1.422s] In file included from [01m[K/opt/ros/jazzy/include/rclcpp/rclcpp/executors/single_threaded_executor.hpp:28[m[K,
[1.422s]                  from [01m[K/opt/ros/jazzy/include/rclcpp/rclcpp/executors.hpp:22[m[K,
[1.422s]                  from [01m[K/opt/ros/jazzy/include/rclcpp/rclcpp/rclcpp.hpp:172[m[K,
[1.422s]                  from [01m[K/home/anurag-iyer16/ros2_ws/src/ros2_fundamentals_examples/src/cpp_minimal_publisher.cpp:1[m[K:
[1.422s] [01m[K/opt/ros/jazzy/include/rclcpp/rclcpp/node.hpp:1629:3:[m[K [01;36m[Knote: [m[Kcandidate: ‘[01m[Krclcpp::Node::[01;32m[KNode[m[K(const rclcpp::Node&, const std::string&)[m[K’
[1.422s]  1629 |   [01;36m[KNode[m[K(
[1.422s]       |   [01;36m[K^~~~[m[K
[1.422s] [01m[K/opt/ros/jazzy/include/rclcpp/rclcpp/node.hpp:1629:3:[m[K [01;36m[Knote: [m[K  candidate expects 2 arguments, 0 provided
[1.422s] [01m[K/opt/ros/jazzy/include/rclcpp/rclcpp/node.hpp:103:12:[m[K [01;36m[Knote: [m[Kcandidate: ‘[01m[Krclcpp::Node::[01;32m[KNode[m[K(const std::string&, const std::string&, const rclcpp::NodeOptions&)[m[K’
[1.422s]   103 |   explicit [01;36m[KNode[m[K(
[1.422s]       |            [01;36m[K^~~~[m[K
[1.422s] [01m[K/opt/ros/jazzy/include/rclcpp/rclcpp/node.hpp:103:12:[m[K [01;36m[Knote: [m[K  candidate expects 3 arguments, 0 provided
[1.422s] [01m[K/opt/ros/jazzy/include/rclcpp/rclcpp/node.hpp:91:12:[m[K [01;36m[Knote: [m[Kcandidate: ‘[01m[Krclcpp::Node::[01;32m[KNode[m[K(const std::string&, const rclcpp::NodeOptions&)[m[K’
[1.422s]    91 |   explicit [01;36m[KNode[m[K(
[1.422s]       |            [01;36m[K^~~~[m[K
[1.422s] [01m[K/opt/ros/jazzy/include/rclcpp/rclcpp/node.hpp:91:12:[m[K [01;36m[Knote: [m[K  candidate expects 2 arguments, 0 provided
[1.422s] [01m[K/home/anurag-iyer16/ros2_ws/src/ros2_fundamentals_examples/src/cpp_minimal_publisher.cpp:8:28:[m[K [01;31m[Kerror: [m[Kname ‘[01m[KMinimal_publisher[m[K’ has incomplete type
[1.422s]     8 |     Minimal_publisher:Node([01;31m[K)[m[K,count_(0){
[1.422s]       |                            [01;31m[K^[m[K
[1.422s] [01m[K/home/anurag-iyer16/ros2_ws/src/ros2_fundamentals_examples/src/cpp_minimal_publisher.cpp:8:37:[m[K [01;31m[Kerror: [m[Kexpected identifier before numeric constant
[1.422s]     8 |     Minimal_publisher:Node(),count_([01;31m[K0[m[K){
[1.422s]       |                                     [01;31m[K^[m[K
[1.422s] [01m[K/home/anurag-iyer16/ros2_ws/src/ros2_fundamentals_examples/src/cpp_minimal_publisher.cpp:8:37:[m[K [01;31m[Kerror: [m[Kexpected ‘[01m[K,[m[K’ or ‘[01m[K...[m[K’ before numeric constant
[1.423s] [01m[K/home/anurag-iyer16/ros2_ws/src/ros2_fundamentals_examples/src/cpp_minimal_publisher.cpp:21:16:[m[K [01;31m[Kerror: [m[K‘[01m[Ksize_t Minimal_publisher::count_[m[K’ conflicts with a previous declaration
[1.423s]    21 |         size_t [01;31m[Kcount_[m[K;
[1.423s]       |                [01;31m[K^~~~~~[m[K
[1.423s] [01m[K/home/anurag-iyer16/ros2_ws/src/ros2_fundamentals_examples/src/cpp_minimal_publisher.cpp:8:30:[m[K [01;36m[Knote: [m[Kprevious declaration ‘[01m[KMinimal_publisher Minimal_publisher::[01;32m[Kcount_[m[K(int)[m[K’
[1.423s]     8 |     Minimal_publisher:Node(),[01;36m[Kcount_[m[K(0){
[1.423s]       |                              [01;36m[K^~~~~~[m[K
[1.424s] [01m[K/home/anurag-iyer16/ros2_ws/src/ros2_fundamentals_examples/src/cpp_minimal_publisher.cpp:23:9:[m[K [01;31m[Kerror: [m[K‘[01m[Krclcpp::TimerBase[m[K’ is not a template
[1.424s]    23 |         [01;31m[Krclcpp[m[K::TimerBase<std_msgs::msg::String>::SharedPtr timer_;
[1.424s]       |         [01;31m[K^~~~~~[m[K
[1.424s] [01m[K/home/anurag-iyer16/ros2_ws/src/ros2_fundamentals_examples/src/cpp_minimal_publisher.cpp:23:49:[m[K [01;31m[Kerror: [m[Kinvalid use of ‘[01m[K::[m[K’
[1.424s]    23 |         rclcpp::TimerBase<std_msgs::msg::String>[01;31m[K::[m[KSharedPtr timer_;
[1.424s]       |                                                 [01;31m[K^~[m[K
[1.424s] [01m[K/home/anurag-iyer16/ros2_ws/src/ros2_fundamentals_examples/src/cpp_minimal_publisher.cpp:23:51:[m[K [01;31m[Kerror: [m[Kexpected ‘[01m[K;[m[K’ at end of member declaration
[1.425s]    23 |         rclcpp::TimerBase<std_msgs::msg::String>::[01;31m[KSharedPtr[m[K timer_;
[1.425s]       |                                                   [01;31m[K^~~~~~~~~[m[K
[1.425s]       |                                                            [32m[K;[m[K
[1.426s] [01m[K/home/anurag-iyer16/ros2_ws/src/ros2_fundamentals_examples/src/cpp_minimal_publisher.cpp:23:61:[m[K [01;31m[Kerror: [m[K‘[01m[Ktimer_[m[K’ does not name a type; did you mean ‘[01m[Ktimer_t[m[K’?
[1.426s]    23 |         rclcpp::TimerBase<std_msgs::msg::String>::SharedPtr [01;31m[Ktimer_[m[K;
[1.426s]       |                                                             [01;31m[K^~~~~~[m[K
[1.426s]       |                                                             [32m[Ktimer_t[m[K
[1.431s] [01m[K/home/anurag-iyer16/ros2_ws/src/ros2_fundamentals_examples/src/cpp_minimal_publisher.cpp:[m[K In member function ‘[01m[KMinimal_publisher Minimal_publisher::[01;32m[Kcount_[m[K(int)[m[K’:
[1.431s] [01m[K/home/anurag-iyer16/ros2_ws/src/ros2_fundamentals_examples/src/cpp_minimal_publisher.cpp:10:9:[m[K [01;31m[Kerror: [m[K‘[01m[Ktimer_[m[K’ was not declared in this scope; did you mean ‘[01m[Ktimer_t[m[K’?
[1.431s]    10 |         [01;31m[Ktimer_[m[K=create_wall_timer(500ms, std::bind(&Minimal_publisher::timerCallback, this));
[1.431s]       |         [01;31m[K^~~~~~[m[K
[1.431s]       |         [32m[Ktimer_t[m[K
[1.436s] [01m[K/home/anurag-iyer16/ros2_ws/src/ros2_fundamentals_examples/src/cpp_minimal_publisher.cpp:12:5:[m[K [01;35m[Kwarning: [m[Kno return statement in function returning non-void [[01;35m[K]8;;https://gcc.gnu.org/onlinedocs/gcc/Warning-Options.html#index-Wreturn-type-Wreturn-type]8;;[m[K]
[1.436s]    12 |     [01;35m[K}[m[K
[1.436s]       |     [01;35m[K^[m[K
[1.436s] [01m[K/home/anurag-iyer16/ros2_ws/src/ros2_fundamentals_examples/src/cpp_minimal_publisher.cpp:[m[K In member function ‘[01m[Kvoid Minimal_publisher::[01;32m[KtimerCallback[m[K()[m[K’:
[1.436s] [01m[K/home/anurag-iyer16/ros2_ws/src/ros2_fundamentals_examples/src/cpp_minimal_publisher.cpp:16:51:[m[K [01;31m[Kerror: [m[Kinvalid use of non-static member function ‘[01m[KMinimal_publisher Minimal_publisher::[01;32m[Kcount_[m[K(int)[m[K’
[1.436s]    16 |         message.data="Hello World"+std::to_string([01;31m[Kcount_[m[K);
[1.436s]       |                                                   [01;31m[K^~~~~~[m[K
[1.436s] [01m[K/home/anurag-iyer16/ros2_ws/src/ros2_fundamentals_examples/src/cpp_minimal_publisher.cpp:8:30:[m[K [01;36m[Knote: [m[Kdeclared here
[1.436s]     8 |     Minimal_publisher:Node(),[01;36m[Kcount_[m[K(0){
[1.436s]       |                              [01;36m[K^~~~~~[m[K
[1.441s] [01m[K/home/anurag-iyer16/ros2_ws/src/ros2_fundamentals_examples/src/cpp_minimal_publisher.cpp:17:9:[m[K [01;31m[Kerror: [m[K‘[01m[Kpublisher[m[K’ was not declared in this scope; did you mean ‘[01m[Kpublisher_[m[K’?
[1.441s]    17 |         [01;31m[Kpublisher[m[K->_publish(message);
[1.441s]       |         [01;31m[K^~~~~~~~~[m[K
[1.441s]       |         [32m[Kpublisher_[m[K
[1.869s] In file included from [01m[K/usr/include/c++/13/bits/stl_tempbuf.h:61[m[K,
[1.869s]                  from [01m[K/usr/include/c++/13/memory:66[m[K,
[1.869s]                  from [01m[K/opt/ros/jazzy/include/rclcpp/rclcpp/rclcpp.hpp:169[m[K:
[1.870s] /usr/include/c++/13/bits/stl_construct.h: In instantiation of ‘[01m[Kvoid std::[01;32m[K_Construct[m[K(_Tp*, _Args&& ...) [35m[K[with _Tp = Minimal_publisher; _Args = {}][m[K[m[K’:
[1.870s] [01m[K/usr/include/c++/13/bits/alloc_traits.h:661:19:[m[K   required from ‘[01m[Kstatic void std::allocator_traits<std::allocator<void> >::[01;32m[Kconstruct[m[K(allocator_type&, _Up*, _Args&& ...) [35m[K[with _Up = Minimal_publisher; _Args = {}; allocator_type = std::allocator<void>][m[K[m[K’
[1.870s] [01m[K/usr/include/c++/13/bits/shared_ptr_base.h:604:39:[m[K   required from ‘[01m[Kstd::_Sp_counted_ptr_inplace<_Tp, _Alloc, _Lp>::[01;32m[K_Sp_counted_ptr_inplace[m[K(_Alloc, _Args&& ...) [35m[K[with _Args = {}; _Tp = Minimal_publisher; _Alloc = std::allocator<void>; __gnu_cxx::_Lock_policy _Lp = __gnu_cxx::_S_atomic][m[K[m[K’
[1.870s] [01m[K/usr/include/c++/13/bits/shared_ptr_base.h:971:16:[m[K   required from ‘[01m[Kstd::__shared_count<_Lp>::[01;32m[K__shared_count[m[K(_Tp*&, std::_Sp_alloc_shared_tag<_Alloc>, _Args&& ...) [35m[K[with _Tp = Minimal_publisher; _Alloc = std::allocator<void>; _Args = {}; __gnu_cxx::_Lock_policy _Lp = __gnu_cxx::_S_atomic][m[K[m[K’
[1.870s] [01m[K/usr/include/c++/13/bits/shared_ptr_base.h:1712:14:[m[K   required from ‘[01m[Kstd::__shared_ptr<_Tp, _Lp>::[01;32m[K__shared_ptr[m[K(std::_Sp_alloc_shared_tag<_Tp>, _Args&& ...) [35m[K[with _Alloc = std::allocator<void>; _Args = {}; _Tp = Minimal_publisher; __gnu_cxx::_Lock_policy _Lp = __gnu_cxx::_S_atomic][m[K[m[K’
[1.870s] [01m[K/usr/include/c++/13/bits/shared_ptr.h:464:59:[m[K   required from ‘[01m[Kstd::shared_ptr<_Tp>::[01;32m[Kshared_ptr[m[K(std::_Sp_alloc_shared_tag<_Tp>, _Args&& ...) [35m[K[with _Alloc = std::allocator<void>; _Args = {}; _Tp = Minimal_publisher][m[K[m[K’
[1.870s] [01m[K/usr/include/c++/13/bits/shared_ptr.h:1009:14:[m[K   required from ‘[01m[Kstd::shared_ptr<typename std::enable_if<(! std::is_array< <template-parameter-1-1> >::value), _Tp>::type> std::[01;32m[Kmake_shared[m[K(_Args&& ...) [35m[K[with _Tp = Minimal_publisher; _Args = {}; typename enable_if<(! is_array< <template-parameter-1-1> >::value), _Tp>::type = Minimal_publisher][m[K[m[K’
[1.870s] [01m[K/home/anurag-iyer16/ros2_ws/src/ros2_fundamentals_examples/src/cpp_minimal_publisher.cpp:29:72:[m[K   required from here
[1.870s] [01m[K/usr/include/c++/13/bits/stl_construct.h:119:7:[m[K [01;31m[Kerror: [m[Kuse of deleted function ‘[01m[KMinimal_publisher::[01;32m[KMinimal_publisher[m[K()[m[K’
[1.870s]   119 |       [01;31m[K::new((void*)__p) _Tp(std::forward<_Args>(__args)...)[m[K;
[1.870s]       |       [01;31m[K^~~~~~~~~~~~~~~~~~~~~~~~~~~~~~~~~~~~~~~~~~~~~~~~~~~~~[m[K
[1.870s] [01m[K/home/anurag-iyer16/ros2_ws/src/ros2_fundamentals_examples/src/cpp_minimal_publisher.cpp:6:7:[m[K [01;36m[Knote: [m[K‘[01m[KMinimal_publisher::[01;32m[KMinimal_publisher[m[K()[m[K’ is implicitly deleted because the default definition would be ill-formed:
[1.870s]     6 | class [01;36m[KMinimal_publisher[m[K:public rclcpp::Node{
[1.870s]       |       [01;36m[K^~~~~~~~~~~~~~~~~[m[K
[1.870s] [01m[K/home/anurag-iyer16/ros2_ws/src/ros2_fundamentals_examples/src/cpp_minimal_publisher.cpp:6:7:[m[K [01;31m[Kerror: [m[Kno matching function for call to ‘[01m[Krclcpp::Node::Node()[m[K’
[1.870s] [01m[K/opt/ros/jazzy/include/rclcpp/rclcpp/node.hpp:1629:3:[m[K [01;36m[Knote: [m[Kcandidate: ‘[01m[Krclcpp::Node::[01;32m[KNode[m[K(const rclcpp::Node&, const std::string&)[m[K’
[1.870s]  1629 |   [01;36m[KNode[m[K(
[1.870s]       |   [01;36m[K^~~~[m[K
[1.870s] [01m[K/opt/ros/jazzy/include/rclcpp/rclcpp/node.hpp:1629:3:[m[K [01;36m[Knote: [m[K  candidate expects 2 arguments, 0 provided
[1.870s] [01m[K/opt/ros/jazzy/include/rclcpp/rclcpp/node.hpp:103:12:[m[K [01;36m[Knote: [m[Kcandidate: ‘[01m[Krclcpp::Node::[01;32m[KNode[m[K(const std::string&, const std::string&, const rclcpp::NodeOptions&)[m[K’
[1.870s]   103 |   explicit [01;36m[KNode[m[K(
[1.870s]       |            [01;36m[K^~~~[m[K
[1.870s] [01m[K/opt/ros/jazzy/include/rclcpp/rclcpp/node.hpp:103:12:[m[K [01;36m[Knote: [m[K  candidate expects 3 arguments, 0 provided
[1.870s] [01m[K/opt/ros/jazzy/include/rclcpp/rclcpp/node.hpp:91:12:[m[K [01;36m[Knote: [m[Kcandidate: ‘[01m[Krclcpp::Node::[01;32m[KNode[m[K(const std::string&, const rclcpp::NodeOptions&)[m[K’
[1.870s]    91 |   explicit [01;36m[KNode[m[K(
[1.870s]       |            [01;36m[K^~~~[m[K
[1.870s] [01m[K/opt/ros/jazzy/include/rclcpp/rclcpp/node.hpp:91:12:[m[K [01;36m[Knote: [m[K  candidate expects 2 arguments, 0 provided
[2.020s] gmake[2]: *** [CMakeFiles/minimal_cpp_publisher.dir/build.make:76: CMakeFiles/minimal_cpp_publisher.dir/src/cpp_minimal_publisher.cpp.o] Error 1
[2.021s] gmake[1]: *** [CMakeFiles/Makefile2:140: CMakeFiles/minimal_cpp_publisher.dir/all] Error 2
[2.021s] gmake: *** [Makefile:146: all] Error 2
[2.023s] Invoked command in '/home/anurag-iyer16/ros2_ws/build/ros2_fundamentals_examples' returned '2': CMAKE_PREFIX_PATH=${CMAKE_PREFIX_PATH}:/home/anurag-iyer16/ros2_ws/install/my_robot_controller:/opt/ros/jazzy DEBUGINFOD_URLS=https://debuginfod.ubuntu.com /usr/bin/cmake --build /home/anurag-iyer16/ros2_ws/build/ros2_fundamentals_examples -- -j12 -l12
