[0.656s] Invoking command in '/home/anurag-iyer16/ros2_ws/src/my_robot_controller': DEBUGINFOD_URLS=https://debuginfod.ubuntu.com PYTHONPATH=/home/anurag-iyer16/ros2_ws/build/my_robot_controller/prefix_override:/usr/lib/python3/dist-packages/colcon_core/task/python/colcon_distutils_commands:/home/anurag-iyer16/ros2_ws/install/my_robot_controller/lib/python3.12/site-packages:${PYTHONPATH} /usr/bin/python3 -W ignore:setup.py install is deprecated -W ignore:easy_install command is deprecated setup.py egg_info --egg-base ../../build/my_robot_controller build --build-base /home/anurag-iyer16/ros2_ws/build/my_robot_controller/build install --record /home/anurag-iyer16/ros2_ws/build/my_robot_controller/install.log --single-version-externally-managed install_data
[0.825s] running egg_info
[0.825s] creating ../../build/my_robot_controller/my_robot_controller.egg-info
[0.836s] writing ../../build/my_robot_controller/my_robot_controller.egg-info/PKG-INFO
[0.836s] writing dependency_links to ../../build/my_robot_controller/my_robot_controller.egg-info/dependency_links.txt
[0.836s] writing requirements to ../../build/my_robot_controller/my_robot_controller.egg-info/requires.txt
[0.836s] writing top-level names to ../../build/my_robot_controller/my_robot_controller.egg-info/top_level.txt
[0.836s] writing manifest file '../../build/my_robot_controller/my_robot_controller.egg-info/SOURCES.txt'
[0.859s] reading manifest file '../../build/my_robot_controller/my_robot_controller.egg-info/SOURCES.txt'
[0.859s] writing manifest file '../../build/my_robot_controller/my_robot_controller.egg-info/SOURCES.txt'
[0.859s] running build
[0.860s] running build_py
[0.860s] creating /home/anurag-iyer16/ros2_ws/build/my_robot_controller/build
[0.860s] creating /home/anurag-iyer16/ros2_ws/build/my_robot_controller/build/lib
[0.860s] creating /home/anurag-iyer16/ros2_ws/build/my_robot_controller/build/lib/my_robot_controller
[0.860s] copying my_robot_controller/__init__.py -> /home/anurag-iyer16/ros2_ws/build/my_robot_controller/build/lib/my_robot_controller
[0.860s] running install
[0.864s] running install_lib
[0.876s] creating /home/anurag-iyer16/ros2_ws/install/my_robot_controller/lib/python3.12/site-packages/my_robot_controller
[0.876s] copying /home/anurag-iyer16/ros2_ws/build/my_robot_controller/build/lib/my_robot_controller/__init__.py -> /home/anurag-iyer16/ros2_ws/install/my_robot_controller/lib/python3.12/site-packages/my_robot_controller
[0.876s] byte-compiling /home/anurag-iyer16/ros2_ws/install/my_robot_controller/lib/python3.12/site-packages/my_robot_controller/__init__.py to __init__.cpython-312.pyc
[0.876s] running install_data
[0.876s] creating /home/anurag-iyer16/ros2_ws/install/my_robot_controller/share/ament_index
[0.876s] creating /home/anurag-iyer16/ros2_ws/install/my_robot_controller/share/ament_index/resource_index
[0.876s] creating /home/anurag-iyer16/ros2_ws/install/my_robot_controller/share/ament_index/resource_index/packages
[0.876s] copying resource/my_robot_controller -> /home/anurag-iyer16/ros2_ws/install/my_robot_controller/share/ament_index/resource_index/packages
[0.877s] copying package.xml -> /home/anurag-iyer16/ros2_ws/install/my_robot_controller/share/my_robot_controller
[0.877s] running install_egg_info
[0.889s] Copying ../../build/my_robot_controller/my_robot_controller.egg-info to /home/anurag-iyer16/ros2_ws/install/my_robot_controller/lib/python3.12/site-packages/my_robot_controller-0.0.0-py3.12.egg-info
[0.889s] running install_scripts
[0.968s] writing list of installed files to '/home/anurag-iyer16/ros2_ws/build/my_robot_controller/install.log'
[0.988s] Invoked command in '/home/anurag-iyer16/ros2_ws/src/my_robot_controller' returned '0': DEBUGINFOD_URLS=https://debuginfod.ubuntu.com PYTHONPATH=/home/anurag-iyer16/ros2_ws/build/my_robot_controller/prefix_override:/usr/lib/python3/dist-packages/colcon_core/task/python/colcon_distutils_commands:/home/anurag-iyer16/ros2_ws/install/my_robot_controller/lib/python3.12/site-packages:${PYTHONPATH} /usr/bin/python3 -W ignore:setup.py install is deprecated -W ignore:easy_install command is deprecated setup.py egg_info --egg-base ../../build/my_robot_controller build --build-base /home/anurag-iyer16/ros2_ws/build/my_robot_controller/build install --record /home/anurag-iyer16/ros2_ws/build/my_robot_controller/install.log --single-version-externally-managed install_data
