[01m[K/home/anurag-iyer16/ros2_ws/src/ros2_fundamentals_examples/src/cpp_minimal_subscriber.cpp:9:68:[m[K [01;35m[Kwarning: [m[Kcharacter constant too long for its type
    9 |             subscriber_=create_subscription<std_msgs::msg::String>([01;35m[K'/cpp_example_topic'[m[K,10,std::bind(&Minimal_subscriber::topicCallback,this,_1));
      |                                                                    [01;35m[K^~~~~~~~~~~~~~~~~~~~[m[K
[01m[K/home/anurag-iyer16/ros2_ws/src/ros2_fundamentals_examples/src/cpp_minimal_subscriber.cpp:17:50:[m[K [01;31m[Kerror: [m[Ktemplate argument 1 is invalid
   17 |         rclcpp::Subscription<std_msgs:msg::String[01;31m[K>[m[K::SharedPtr subscriber_;
      |                                                  [01;31m[K^[m[K
[01m[K/home/anurag-iyer16/ros2_ws/src/ros2_fundamentals_examples/src/cpp_minimal_subscriber.cpp:17:50:[m[K [01;31m[Kerror: [m[Ktemplate argument 3 is invalid
[01m[K/home/anurag-iyer16/ros2_ws/src/ros2_fundamentals_examples/src/cpp_minimal_subscriber.cpp:17:50:[m[K [01;31m[Kerror: [m[Ktemplate argument 4 is invalid
[01m[K/home/anurag-iyer16/ros2_ws/src/ros2_fundamentals_examples/src/cpp_minimal_subscriber.cpp:17:50:[m[K [01;31m[Kerror: [m[Ktemplate argument 5 is invalid
[01m[K/home/anurag-iyer16/ros2_ws/src/ros2_fundamentals_examples/src/cpp_minimal_subscriber.cpp:17:53:[m[K [01;31m[Kerror: [m[Kexpected ‘[01m[K;[m[K’ at end of member declaration
   17 |         rclcpp::Subscription<std_msgs:msg::String>::[01;31m[KSharedPtr[m[K subscriber_;
      |                                                     [01;31m[K^~~~~~~~~[m[K
      |                                                              [32m[K;[m[K
[01m[K/home/anurag-iyer16/ros2_ws/src/ros2_fundamentals_examples/src/cpp_minimal_subscriber.cpp:17:63:[m[K [01;31m[Kerror: [m[K‘[01m[Ksubscriber_[m[K’ does not name a type
   17 |         rclcpp::Subscription<std_msgs:msg::String>::SharedPtr [01;31m[Ksubscriber_[m[K;
      |                                                               [01;31m[K^~~~~~~~~~~[m[K
[01m[K/home/anurag-iyer16/ros2_ws/src/ros2_fundamentals_examples/src/cpp_minimal_subscriber.cpp:[m[K In constructor ‘[01m[KMinimal_subscriber::[01;32m[KMinimal_subscriber[m[K()[m[K’:
[01m[K/home/anurag-iyer16/ros2_ws/src/ros2_fundamentals_examples/src/cpp_minimal_subscriber.cpp:9:13:[m[K [01;31m[Kerror: [m[K‘[01m[Ksubscriber_[m[K’ was not declared in this scope
    9 |             [01;31m[Ksubscriber_[m[K=create_subscription<std_msgs::msg::String>('/cpp_example_topic',10,std::bind(&Minimal_subscriber::topicCallback,this,_1));
      |             [01;31m[K^~~~~~~~~~~[m[K
[01m[K/home/anurag-iyer16/ros2_ws/src/ros2_fundamentals_examples/src/cpp_minimal_subscriber.cpp:9:67:[m[K [01;31m[Kerror: [m[Kno matching function for call to ‘[01m[KMinimal_subscriber::create_subscription<std_msgs::msg::String>(int, int, std::_Bind_helper<false, void (Minimal_subscriber::*)(const std_msgs::msg::String_<std::allocator<void> >&) const, Minimal_subscriber*, const std::_Placeholder<1>&>::type)[m[K’
    9 |             subscriber_=[01;31m[Kcreate_subscription<std_msgs::msg::String>('/cpp_example_topic',10,std::bind(&Minimal_subscriber::topicCallback,this,_1))[m[K;
      |                         [01;31m[K~~~~~~~~~~~~~~~~~~~~~~~~~~~~~~~~~~~~~~~~~~^~~~~~~~~~~~~~~~~~~~~~~~~~~~~~~~~~~~~~~~~~~~~~~~~~~~~~~~~~~~~~~~~~~~~~~~~~~~~~~[m[K
In file included from [01m[K/opt/ros/jazzy/include/rclcpp/rclcpp/executors/single_threaded_executor.hpp:28[m[K,
                 from [01m[K/opt/ros/jazzy/include/rclcpp/rclcpp/executors.hpp:22[m[K,
                 from [01m[K/opt/ros/jazzy/include/rclcpp/rclcpp/rclcpp.hpp:172[m[K,
                 from [01m[K/home/anurag-iyer16/ros2_ws/src/ros2_fundamentals_examples/src/cpp_minimal_subscriber.cpp:1[m[K:
[01m[K/opt/ros/jazzy/include/rclcpp/rclcpp/node.hpp:221:3:[m[K [01;36m[Knote: [m[Kcandidate: ‘[01m[Ktemplate<class MessageT, class CallbackT, class AllocatorT, class SubscriptionT, class MessageMemoryStrategyT> std::shared_ptr<ROSMessageT> rclcpp::Node::[01;32m[Kcreate_subscription[m[K(const std::string&, const rclcpp::QoS&, CallbackT&&, const rclcpp::SubscriptionOptionsWithAllocator<AllocatorT>&, typename MessageMemoryStrategyT::SharedPtr)[m[K’
  221 |   [01;36m[Kcreate_subscription[m[K(
      |   [01;36m[K^~~~~~~~~~~~~~~~~~~[m[K
[01m[K/opt/ros/jazzy/include/rclcpp/rclcpp/node.hpp:221:3:[m[K [01;36m[Knote: [m[K  template argument deduction/substitution failed:
[01m[K/home/anurag-iyer16/ros2_ws/src/ros2_fundamentals_examples/src/cpp_minimal_subscriber.cpp:9:68:[m[K [01;36m[Knote: [m[K  cannot convert ‘[01m[K1869637987[m[K’ (type ‘[01m[Kint[m[K’) to type ‘[01m[Kconst std::string&[m[K’ {aka ‘[01m[Kconst std::__cxx11::basic_string<char>&[m[K’}
    9 |             subscriber_=create_subscription<std_msgs::msg::String>([01;36m[K'/cpp_example_topic'[m[K,10,std::bind(&Minimal_subscriber::topicCallback,this,_1));
      |                                                                    [01;36m[K^~~~~~~~~~~~~~~~~~~~[m[K
gmake[2]: *** [CMakeFiles/minimal_cpp_subscriber.dir/build.make:76: CMakeFiles/minimal_cpp_subscriber.dir/src/cpp_minimal_subscriber.cpp.o] Error 1
gmake[1]: *** [CMakeFiles/Makefile2:168: CMakeFiles/minimal_cpp_subscriber.dir/all] Error 2
gmake: *** [Makefile:146: all] Error 2
